13.08.2018 20:19:06: finish TimerAutoConnectTimer                   	(LastError is "Операция успешно завершена")
13.08.2018 20:19:06: Неверный дескриптор                            	(LastError is "Неверный дескриптор")
13.08.2018 20:19:06: finish SaveDataAndSettings                     	(LastError is "Параметр задан неверно")
13.08.2018 20:19:06: start SaveDataAndSettings                      	(LastError is "Операция успешно завершена")
13.08.2018 20:18:55: Ошибка соединения                              	(LastError is "Операция успешно завершена")
13.08.2018 20:18:55: Упс, ошибка: Argument out of range (0)         	(LastError is "Операция успешно завершена")
13.08.2018 20:18:33: Соединение...                                  	(LastError is "Операция успешно завершена")
13.08.2018 20:18:33: Подключение к серверу...                       	(LastError is "Операция успешно завершена")
13.08.2018 20:18:33: start TimerAutoConnectTimer                    	(LastError is "Операция успешно завершена")
13.08.2018 20:18:25: finish TimerAutoConnectTimer                   	(LastError is "Операция успешно завершена")
13.08.2018 20:18:25: Неверный дескриптор                            	(LastError is "Неверный дескриптор")
13.08.2018 20:17:54: Ошибка соединения                              	(LastError is "Операция успешно завершена")
13.08.2018 20:17:33: Соединение...                                  	(LastError is "Операция успешно завершена")
13.08.2018 20:17:33: Подключение к серверу...                       	(LastError is "Операция успешно завершена")
13.08.2018 20:17:33: start TimerAutoConnectTimer                    	(LastError is "Операция успешно завершена")
13.08.2018 20:17:25: finish TimerAutoConnectTimer                   	(LastError is "Операция успешно завершена")
13.08.2018 20:17:25: Неверный дескриптор                            	(LastError is "Неверный дескриптор")
13.08.2018 20:16:54: Ошибка соединения                              	(LastError is "Операция успешно завершена")
13.08.2018 20:16:33: Соединение...                                  	(LastError is "Операция успешно завершена")
13.08.2018 20:16:33: Подключение к серверу...                       	(LastError is "Операция успешно завершена")
13.08.2018 20:16:33: start TimerAutoConnectTimer                    	(LastError is "Операция успешно завершена")
13.08.2018 20:16:24: Ошибка соединения                              	(LastError is "Операция успешно завершена")
13.08.2018 20:16:08: Упс, ошибка: Argument out of range (0)         	(LastError is "Операция успешно завершена")
13.08.2018 20:16:06: Упс, ошибка: Argument out of range (0)         	(LastError is "Операция успешно завершена")
13.08.2018 20:16:03: Соединение...                                  	(LastError is "Операция успешно завершена")
13.08.2018 20:16:03: Подключение к серверу...                       	(LastError is "Операция успешно завершена")
13.08.2018 20:16:03: Неверный дескриптор                            	(LastError is "Неверный дескриптор")
13.08.2018 20:14:59: Упс, ошибка: Cannot focus a disabled or invisible window (0) 	(LastError is "Операция успешно завершена")
13.08.2018 20:14:40: except PostData.Text:=IdHTTP.Post(http://soft.comul.int/upload.php, Stream); 	(LastError is "Параметр задан неверно")
13.08.2018 20:14:35: Нет подключения к серверу. Попробуйте чуть позже. 	(LastError is "Операция успешно завершена")
13.08.2018 20:14:35: Неверный дескриптор                            	(LastError is "Неверный дескриптор")
13.08.2018 20:13:29: Версия: 1.77                                   	(LastError is "Операция успешно завершена")
