05.05.2018 16:30:03: finish TimerAutoConnectTimer                   	(LastError is "Операция успешно завершена")
05.05.2018 16:30:03: Неверный дескриптор                            	(LastError is "Неверный дескриптор")
05.05.2018 16:30:03: Неверный дескриптор                            	(LastError is "Неверный дескриптор")
05.05.2018 16:30:02: Неверный дескриптор                            	(LastError is "Неверный дескриптор")
05.05.2018 16:30:02: Неверный дескриптор                            	(LastError is "Неверный дескриптор")
05.05.2018 16:30:00: Неверный дескриптор                            	(LastError is "Неверный дескриптор")
05.05.2018 16:30:00: Неверный дескриптор                            	(LastError is "Неверный дескриптор")
05.05.2018 16:30:00: finish SaveDataAndSettings                     	(LastError is "Параметр задан неверно")
05.05.2018 16:30:00: start SaveDataAndSettings                      	(LastError is "Операция успешно завершена")
05.05.2018 16:29:43: Соединение...                                  	(LastError is "Операция успешно завершена")
05.05.2018 16:29:43: Подключение к серверу...                       	(LastError is "Операция успешно завершена")
05.05.2018 16:29:43: start TimerAutoConnectTimer                    	(LastError is "Операция успешно завершена")
05.05.2018 16:29:34: Ошибка соединения                              	(LastError is "Операция успешно завершена")
05.05.2018 16:29:13: Соединение...                                  	(LastError is "Операция успешно завершена")
05.05.2018 16:29:13: Подключение к серверу...                       	(LastError is "Операция успешно завершена")
05.05.2018 16:29:13: Неверный дескриптор                            	(LastError is "Неверный дескриптор")
05.05.2018 16:28:52: except PostData.Text:=IdHTTP.Post(http://soft.comul.int/upload.php, Stream); 	(LastError is "Параметр задан неверно")
05.05.2018 16:28:49: Нет подключения к серверу. Попробуйте чуть позже. 	(LastError is "Операция успешно завершена")
05.05.2018 16:28:49: Неверный дескриптор                            	(LastError is "Неверный дескриптор")
05.05.2018 16:27:55: Версия: 1.77                                   	(LastError is "Операция успешно завершена")
